> Task :compileJava UP-TO-DATE
> Task :processResources UP-TO-DATE
> Task :classes UP-TO-DATE
> Task :resolveMainClassName FAILED
./gradlew : 
At line:1 char:1
+ ./gradlew bootJar 2>&1 | Out-File -Encoding utf8 bootjar_fail.log
+ ~~~~~~~~~~~~~~~~~~~~~~
    + CategoryInfo          : NotSpecified: (:String) [], RemoteException
    + FullyQualifiedErrorId : NativeCommandError
 
FAILURE: Build failed with an exception.

* What went wrong:
Execution failed for task ':resolveMainClassName'.
> Unable to find a single main class from the following candidates [java.salepilot.backend.SalepilotApplication, 
com.salepilot.backend.SalepilotApplication]

* Try:
> Run with --stacktrace option to get the stack trace.
> Run with --info or --debug option to get more log output.
> Run with --scan to generate a Build Scan (powered by Develocity).
> Get more help at https://help.gradle.org.

BUILD FAILED in 3s
3 actionable tasks: 1 executed, 2 up-to-date
