> Task :clean UP-TO-DATE
> Task :compileJava FAILED

FAILURE: Build failed with an exception.

* What went wrong:
Execution failed for task ':compileJava'.
> Could not resolve all files for configuration ':compileClasspath'.
   > Could not find com.google.ai.client.generativeai:google-generativeai:0.4.0.
     Required by:
         root project 'backend'

* Try:
> Run with --stacktrace option to get the stack trace.
> Run with --info or --debug option to get more log output.
> Run with --scan to generate a Build Scan (powered by Develocity).
> Get more help at https://help.gradle.org.

BUILD FAILED in 6s
2 actionable tasks: 1 executed, 1 up-to-date
